c:\users\ilya\source\repos\consoleapplication1\consoleapplication1\x64\debug\vc143.pdb
c:\users\ilya\source\repos\consoleapplication1\consoleapplication1\x64\debug\vc143.idb
c:\users\ilya\source\repos\consoleapplication1\consoleapplication1\x64\debug\consoleapplication1.obj
c:\users\ilya\source\repos\consoleapplication1\consoleapplication1\x64\debug\consoleapplication1.ilk
c:\users\ilya\source\repos\consoleapplication1\x64\debug\consoleapplication1.pdb
c:\users\ilya\source\repos\consoleapplication1\consoleapplication1\x64\debug\consolea.6ecdc79f.tlog\cl.command.1.tlog
c:\users\ilya\source\repos\consoleapplication1\consoleapplication1\x64\debug\consolea.6ecdc79f.tlog\cl.items.tlog
c:\users\ilya\source\repos\consoleapplication1\consoleapplication1\x64\debug\consolea.6ecdc79f.tlog\cl.read.1.tlog
c:\users\ilya\source\repos\consoleapplication1\consoleapplication1\x64\debug\consolea.6ecdc79f.tlog\cl.write.1.tlog
c:\users\ilya\source\repos\consoleapplication1\consoleapplication1\x64\debug\consolea.6ecdc79f.tlog\link-cvtres.read.1.tlog
c:\users\ilya\source\repos\consoleapplication1\consoleapplication1\x64\debug\consolea.6ecdc79f.tlog\link-cvtres.write.1.tlog
c:\users\ilya\source\repos\consoleapplication1\consoleapplication1\x64\debug\consolea.6ecdc79f.tlog\link-rc.read.1.tlog
c:\users\ilya\source\repos\consoleapplication1\consoleapplication1\x64\debug\consolea.6ecdc79f.tlog\link-rc.write.1.tlog
c:\users\ilya\source\repos\consoleapplication1\consoleapplication1\x64\debug\consolea.6ecdc79f.tlog\link.14752-cvtres.read.1.tlog
c:\users\ilya\source\repos\consoleapplication1\consoleapplication1\x64\debug\consolea.6ecdc79f.tlog\link.14752-cvtres.write.1.tlog
c:\users\ilya\source\repos\consoleapplication1\consoleapplication1\x64\debug\consolea.6ecdc79f.tlog\link.14752-rc.read.1.tlog
c:\users\ilya\source\repos\consoleapplication1\consoleapplication1\x64\debug\consolea.6ecdc79f.tlog\link.14752-rc.write.1.tlog
c:\users\ilya\source\repos\consoleapplication1\consoleapplication1\x64\debug\consolea.6ecdc79f.tlog\link.14752.read.1.tlog
c:\users\ilya\source\repos\consoleapplication1\consoleapplication1\x64\debug\consolea.6ecdc79f.tlog\link.14752.read.2.tlog
c:\users\ilya\source\repos\consoleapplication1\consoleapplication1\x64\debug\consolea.6ecdc79f.tlog\link.14752.read.3.tlog
c:\users\ilya\source\repos\consoleapplication1\consoleapplication1\x64\debug\consolea.6ecdc79f.tlog\link.14752.read.4.tlog
c:\users\ilya\source\repos\consoleapplication1\consoleapplication1\x64\debug\consolea.6ecdc79f.tlog\link.14752.read.5.tlog
c:\users\ilya\source\repos\consoleapplication1\consoleapplication1\x64\debug\consolea.6ecdc79f.tlog\link.14752.write.1.tlog
c:\users\ilya\source\repos\consoleapplication1\consoleapplication1\x64\debug\consolea.6ecdc79f.tlog\link.command.1.tlog
c:\users\ilya\source\repos\consoleapplication1\consoleapplication1\x64\debug\consolea.6ecdc79f.tlog\link.read.1.tlog
c:\users\ilya\source\repos\consoleapplication1\consoleapplication1\x64\debug\consolea.6ecdc79f.tlog\link.read.2.tlog
c:\users\ilya\source\repos\consoleapplication1\consoleapplication1\x64\debug\consolea.6ecdc79f.tlog\link.read.3.tlog
c:\users\ilya\source\repos\consoleapplication1\consoleapplication1\x64\debug\consolea.6ecdc79f.tlog\link.read.4.tlog
c:\users\ilya\source\repos\consoleapplication1\consoleapplication1\x64\debug\consolea.6ecdc79f.tlog\link.read.5.tlog
c:\users\ilya\source\repos\consoleapplication1\consoleapplication1\x64\debug\consolea.6ecdc79f.tlog\link.secondary.1.tlog
c:\users\ilya\source\repos\consoleapplication1\consoleapplication1\x64\debug\consolea.6ecdc79f.tlog\link.write.1.tlog
